captureActivity/build/outputs/mapping/release/mapping.txt
com.google.zxing.client.android.BeepManager -> com.google.zxing.client.android.a:
    java.lang.String TAG -> e
    android.app.Activity activity -> a
    android.media.MediaPlayer mediaPlayer -> b
    boolean playBeep -> c
    boolean vibrate -> d
    void <init>(android.app.Activity) -> <init>
    void updatePrefs() -> a
    android.media.MediaPlayer buildMediaPlayer(android.content.Context) -> a
    void <clinit>() -> <clinit>
com.google.zxing.client.android.BeepManager$1 -> com.google.zxing.client.android.b:
    void <init>() -> <init>
    void onCompletion(android.media.MediaPlayer) -> onCompletion
com.google.zxing.client.android.CaptureActivity -> com.google.zxing.client.android.CaptureActivity:
    java.lang.String TAG -> j
    java.lang.String[] ZXING_URLS -> k
    java.util.Set DISPLAYABLE_METADATA_TYPES -> l
    com.google.zxing.client.android.camera.CameraManager cameraManager -> a
    com.google.zxing.client.android.CaptureActivityHandler handler -> b
    com.google.zxing.Result savedResultToShow -> m
    com.google.zxing.client.android.ViewfinderView viewfinderView -> c
    android.widget.TextView statusView -> n
    android.view.View resultView -> o
    com.google.zxing.Result lastResult -> d
    boolean hasSurface -> p
    boolean copyToClipboard -> q
    int source$37429bb9 -> e
    java.lang.String sourceUrl -> r
    java.lang.String returnUrlTemplate -> f
    boolean returnRaw -> s
    java.util.Collection decodeFormats -> t
    java.lang.String characterSet -> u
    com.google.zxing.client.android.history.HistoryManager historyManager -> g
    com.google.zxing.client.android.InactivityTimer inactivityTimer -> h
    com.google.zxing.client.android.BeepManager beepManager -> i
    void <init>() -> <init>
    void onCreate(android.os.Bundle) -> onCreate
    void onResume() -> onResume
    boolean isZXingURL(java.lang.String) -> a
    void onPause() -> onPause
    void onDestroy() -> onDestroy
    boolean onKeyDown(int,android.view.KeyEvent) -> onKeyDown
    boolean onCreateOptionsMenu(android.view.Menu) -> onCreateOptionsMenu
com.google.zxing.client.android.CaptureActivity$1 -> com.google.zxing.client.android.c:
    int[] $SwitchMap$com$google$zxing$client$android$IntentSource -> a
    void <clinit>() -> <clinit>
com.google.zxing.client.android.CaptureActivityHandler -> com.google.zxing.client.android.d:
    java.lang.String TAG -> d
    com.google.zxing.client.android.CaptureActivity activity -> e
    com.google.zxing.client.android.DecodeThread decodeThread -> a
    int state$495b0d5c -> b
    com.google.zxing.client.android.camera.CameraManager cameraManager -> c
    void <init>(com.google.zxing.client.android.CaptureActivity,java.util.Collection,java.lang.String,com.google.zxing.client.android.camera.CameraManager) -> <init>
    void handleMessage(android.os.Message) -> handleMessage
    void restartPreviewAndDecode() -> a
    void <clinit>() -> <clinit>
com.google.zxing.client.android.CaptureActivityHandler$State -> com.google.zxing.client.android.e:
    int PREVIEW$495b0d5c -> a
    int SUCCESS$495b0d5c -> b
    int DONE$495b0d5c -> c
    int[] $VALUES$22a0ef89 -> d
    void <clinit>() -> <clinit>
com.google.zxing.client.android.Contents -> com.google.zxing.client.android.f:
    java.lang.String[] PHONE_KEYS -> a
    java.lang.String[] PHONE_TYPE_KEYS -> b
    java.lang.String[] EMAIL_KEYS -> c
    java.lang.String[] EMAIL_TYPE_KEYS -> d
    void <clinit>() -> <clinit>
...
com.google.zxing.qrcode.decoder.DecodedBitStreamParser -> com.google.zxing.g.a.l:
    char[] ALPHANUMERIC_CHARS -> a
    com.google.zxing.common.DecoderResult decode(byte[],com.google.zxing.qrcode.decoder.Version,com.google.zxing.qrcode.decoder.ErrorCorrectionLevel,java.util.Map) -> a
    void decodeHanziSegment(com.google.zxing.common.BitSource,java.lang.StringBuilder,int) -> a
    void decodeKanjiSegment(com.google.zxing.common.BitSource,java.lang.StringBuilder,int) -> b
    void decodeByteSegment(com.google.zxing.common.BitSource,java.lang.StringBuilder,int,com.google.zxing.common.CharacterSetECI,java.util.Collection,java.util.Map) -> a
    char toAlphaNumericChar(int) -> a
    void decodeAlphanumericSegment(com.google.zxing.common.BitSource,java.lang.StringBuilder,int,boolean) -> a
    void decodeNumericSegment(com.google.zxing.common.BitSource,java.lang.StringBuilder,int) -> c
    void <clinit>() -> <clinit>
com.google.zxing.qrcode.decoder.Decoder -> com.google.zxing.g.a.m:
    com.google.zxing.common.reedsolomon.ReedSolomonDecoder rsDecoder -> a
    void <init>() -> <init>
    com.google.zxing.common.DecoderResult decode(com.google.zxing.common.BitMatrix,java.util.Map) -> a
    void correctErrors(byte[],int) -> a
com.google.zxing.qrcode.decoder.ErrorCorrectionLevel -> com.google.zxing.g.a.n:
    com.google.zxing.qrcode.decoder.ErrorCorrectionLevel L -> a
    com.google.zxing.qrcode.decoder.ErrorCorrectionLevel M -> b
    com.google.zxing.qrcode.decoder.ErrorCorrectionLevel Q -> c
    com.google.zxing.qrcode.decoder.ErrorCorrectionLevel H -> d
    com.google.zxing.qrcode.decoder.ErrorCorrectionLevel[] FOR_BITS -> f
    int bits -> e
    com.google.zxing.qrcode.decoder.ErrorCorrectionLevel[] $VALUES -> g
    com.google.zxing.qrcode.decoder.ErrorCorrectionLevel[] values() -> values
    com.google.zxing.qrcode.decoder.ErrorCorrectionLevel valueOf(java.lang.String) -> valueOf
    void <init>(java.lang.String,int,int) -> <init>
    com.google.zxing.qrcode.decoder.ErrorCorrectionLevel forBits(int) -> a
    void <clinit>() -> <clinit>
com.google.zxing.qrcode.decoder.FormatInformation -> com.google.zxing.g.a.o:
    int[][] FORMAT_INFO_DECODE_LOOKUP -> c
    int[] BITS_SET_IN_HALF_BYTE -> d
    com.google.zxing.qrcode.decoder.ErrorCorrectionLevel errorCorrectionLevel -> a
    byte dataMask -> b
    void <init>(int) -> <init>
    int numBitsDiffering(int,int) -> a
    com.google.zxing.qrcode.decoder.FormatInformation decodeFormatInformation(int,int) -> b
    com.google.zxing.qrcode.decoder.FormatInformation doDecodeFormatInformation(int,int) -> c
    int hashCode() -> hashCode
    boolean equals(java.lang.Object) -> equals
    void <clinit>() -> <clinit>
com.google.zxing.qrcode.decoder.Mode -> com.google.zxing.g.a.p:
    com.google.zxing.qrcode.decoder.Mode TERMINATOR -> a
    com.google.zxing.qrcode.decoder.Mode NUMERIC -> b
    com.google.zxing.qrcode.decoder.Mode ALPHANUMERIC -> c
    com.google.zxing.qrcode.decoder.Mode STRUCTURED_APPEND -> d
    com.google.zxing.qrcode.decoder.Mode BYTE -> e
    com.google.zxing.qrcode.decoder.Mode ECI -> f
    com.google.zxing.qrcode.decoder.Mode KANJI -> g
    com.google.zxing.qrcode.decoder.Mode FNC1_FIRST_POSITION -> h
    com.google.zxing.qrcode.decoder.Mode FNC1_SECOND_POSITION -> i
    com.google.zxing.qrcode.decoder.Mode HANZI -> j
    int[] characterCountBitsForVersions -> l
    int bits -> k
    com.google.zxing.qrcode.decoder.Mode[] $VALUES -> m
    com.google.zxing.qrcode.decoder.Mode[] values() -> values
    com.google.zxing.qrcode.decoder.Mode valueOf(java.lang.String) -> valueOf
    void <init>(java.lang.String,int,int[],int) -> <init>
    com.google.zxing.qrcode.decoder.Mode forBits(int) -> a
    int getCharacterCountBits(com.google.zxing.qrcode.decoder.Version) -> a
    void <clinit>() -> <clinit>