captureActivity/build/outputs/mapping/release/usage.txt
com.google.zxing.client.android.BeepManager:
    private static final float BEEP_VOLUME
    private static final long VIBRATE_DURATION
com.google.zxing.client.android.BuildConfig
com.google.zxing.client.android.CaptureActivity:
    private static final long DEFAULT_INTENT_RESULT_DURATION_MS
    private static final long BULK_MODE_SCAN_DELAY_MS
    private static final java.lang.String PACKAGE_NAME
    private static final java.lang.String PRODUCT_SEARCH_URL_PREFIX
    private static final java.lang.String PRODUCT_SEARCH_URL_SUFFIX
    private static final java.lang.String RETURN_CODE_PLACEHOLDER
    private static final java.lang.String RETURN_URL_PARAM
    private static final java.lang.String RAW_PARAM
    public static final int HISTORY_REQUEST_CODE
com.google.zxing.client.android.Contents:
    public static final java.lang.String URL_KEY
    public static final java.lang.String NOTE_KEY
    28:29:private Contents()
com.google.zxing.client.android.Contents$Type
com.google.zxing.client.android.DecodeFormatManager:
    51:51:private DecodeFormatManager()
com.google.zxing.client.android.DecodeThread:
    public static final java.lang.String BARCODE_BITMAP
com.google.zxing.client.android.HelpActivity:
    public static final java.lang.String REQUESTED_PAGE_KEY
    public static final java.lang.String DEFAULT_PAGE
    public static final java.lang.String WHATS_NEW_PAGE
    private static final java.lang.String WEBVIEW_STATE_PRESENT
com.google.zxing.client.android.InactivityTimer:
    private static final long INACTIVITY_DELAY_MS
com.google.zxing.client.android.Intents
com.google.zxing.client.android.Intents$Encode
com.google.zxing.client.android.Intents$History
com.google.zxing.client.android.Intents$Scan
com.google.zxing.client.android.Intents$SearchBookContents
com.google.zxing.client.android.Intents$Share
com.google.zxing.client.android.Intents$WifiConnect
com.google.zxing.client.android.LocaleManager:
    private static final java.lang.String DEFAULT_TLD
    private static final java.lang.String DEFAULT_COUNTRY
    private static final java.lang.String DEFAULT_LANGUAGE
    106:106:private LocaleManager()
com.google.zxing.client.android.PreferencesActivity:
    public static final java.lang.String KEY_DECODE_1D
    public static final java.lang.String KEY_DECODE_QR
    public static final java.lang.String KEY_DECODE_DATA_MATRIX
    public static final java.lang.String KEY_CUSTOM_PRODUCT_SEARCH
    public static final java.lang.String KEY_PLAY_BEEP
    public static final java.lang.String KEY_VIBRATE
    public static final java.lang.String KEY_COPY_TO_CLIPBOARD
    public static final java.lang.String KEY_FRONT_LIGHT
    public static final java.lang.String KEY_BULK_MODE
    public static final java.lang.String KEY_REMEMBER_DUPLICATES
    public static final java.lang.String KEY_SUPPLEMENTAL
    public static final java.lang.String KEY_AUTO_FOCUS
    public static final java.lang.String KEY_SEARCH_COUNTRY
    public static final java.lang.String KEY_DISABLE_CONTINUOUS_FOCUS
    public static final java.lang.String KEY_HELP_VERSION_SHOWN
com.google.zxing.client.android.ViewfinderView:
    private static final long ANIMATION_DELAY
    private static final int CURRENT_POINT_OPACITY
    private static final int MAX_RESULT_POINTS
    private static final int POINT_SIZE
com.google.zxing.client.android.camera.AutoFocusManager:
    private static final long AUTO_FOCUS_INTERVAL_MS
com.google.zxing.client.android.camera.CameraConfigurationManager:
    private static final java.lang.String TAG
    private static final int MIN_PREVIEW_PIXELS
    private static final int MAX_PREVIEW_PIXELS
com.google.zxing.client.android.camera.CameraManager:
    private static final int MIN_FRAME_WIDTH
    private static final int MIN_FRAME_HEIGHT
    private static final int MAX_FRAME_WIDTH
    private static final int MAX_FRAME_HEIGHT
com.google.zxing.client.android.camera.exposure.DefaultExposureInterface
...
com.google.zxing.maxicode.decoder.DecodedBitStreamParser:
    private static final char SHIFTA
    private static final char SHIFTB
    private static final char SHIFTC
    private static final char SHIFTD
    private static final char SHIFTE
    private static final char TWOSHIFTA
    private static final char THREESHIFTA
    private static final char LATCHA
    private static final char LATCHB
    private static final char LOCK
    private static final char ECI
    private static final char NS
    private static final char PAD
    private static final char FS
    private static final char GS
    private static final char RS
    60:61:private DecodedBitStreamParser()
com.google.zxing.maxicode.decoder.Decoder:
    private static final int ALL
    private static final int EVEN
    private static final int ODD
    49:49:public com.google.zxing.common.DecoderResult decode(com.google.zxing.common.BitMatrix)
com.google.zxing.multi.ByQuadrantReader
com.google.zxing.multi.GenericMultipleBarcodeReader
com.google.zxing.multi.MultipleBarcodeReader
com.google.zxing.multi.qrcode.QRCodeMultiReader
com.google.zxing.multi.qrcode.detector.MultiDetector
com.google.zxing.multi.qrcode.detector.MultiFinderPatternFinder
com.google.zxing.multi.qrcode.detector.MultiFinderPatternFinder$1
com.google.zxing.multi.qrcode.detector.MultiFinderPatternFinder$ModuleSizeComparator
com.google.zxing.oned.CodaBarReader:
    private static final int MAX_ACCEPTABLE
    private static final int PADDING
    private static final java.lang.String ALPHABET_STRING
    private static final int MIN_CHARACTER_LENGTH
com.google.zxing.oned.Code128Reader:
    private static final int MAX_AVG_VARIANCE
    private static final int MAX_INDIVIDUAL_VARIANCE
    private static final int CODE_SHIFT
    private static final int CODE_CODE_C
    private static final int CODE_CODE_B
    private static final int CODE_CODE_A
    private static final int CODE_FNC_1
    private static final int CODE_FNC_2
    private static final int CODE_FNC_3
    private static final int CODE_FNC_4_A
    private static final int CODE_FNC_4_B
    private static final int CODE_START_A
    private static final int CODE_START_B
    private static final int CODE_START_C
    private static final int CODE_STOP
com.google.zxing.oned.Code128Writer:
    private static final int CODE_START_B
    private static final int CODE_START_C
    private static final int CODE_CODE_B
    private static final int CODE_CODE_C
    private static final int CODE_STOP
    private static final char ESCAPE_FNC_1
    private static final char ESCAPE_FNC_2
    private static final char ESCAPE_FNC_3
    private static final char ESCAPE_FNC_4
    private static final int CODE_FNC_1
    private static final int CODE_FNC_2
    private static final int CODE_FNC_3
    private static final int CODE_FNC_4_B
com.google.zxing.oned.Code39Reader:
    static final java.lang.String ALPHABET_STRING
    90:93:public Code39Reader(boolean,boolean)
com.google.zxing.oned.Code93Reader:
    private static final java.lang.String ALPHABET_STRING
com.google.zxing.oned.EAN13Writer:
    private static final int CODE_WIDTH
com.google.zxing.oned.EAN8Writer:
    private static final int CODE_WIDTH
com.google.zxing.oned.ITFReader:
    private static final int MAX_AVG_VARIANCE
    private static final int MAX_INDIVIDUAL_VARIANCE
    private static final int W
    private static final int N
com.google.zxing.oned.OneDReader:
    protected static final int INTEGER_MATH_SHIFT
    protected static final int PATTERN_MATCH_RESULT_SCALE_FACTOR
    49:49:public com.google.zxing.Result decode(com.google.zxing.BinaryBitmap)
com.google.zxing.oned.OneDimensionalCodeWriter:
    37:37:public com.google.zxing.common.BitMatrix encode(java.lang.String,com.google.zxing.BarcodeFormat,int,int)
com.google.zxing.oned.UPCAReader:
    57:57:public com.google.zxing.Result decode(com.google.zxing.BinaryBitmap)